Loading data from ../data/processed/master_features_15m.csv for LONDON session...
Initializing PPO Agent for LONDON...
Using cpu device
Beginning Training: 100000 timesteps...
-----------------------------
| time/              |      |
|    fps             | 465  |
|    iterations      | 1    |
|    time_elapsed    | 4    |
|    total_timesteps | 2048 |
-----------------------------
-----------------------------------------
| time/                   |             |
|    fps                  | 281         |
|    iterations           | 2           |
|    time_elapsed         | 14          |
|    total_timesteps      | 4096        |
| train/                  |             |
|    approx_kl            | 0.013591047 |
|    clip_fraction        | 0.0731      |
|    clip_range           | 0.2         |
|    entropy_loss         | -1.38       |
|    explained_variance   | -0.000683   |
|    learning_rate        | 0.0003      |
|    loss                 | 2.93e+03    |
|    n_updates            | 10          |
|    policy_gradient_loss | -0.00741    |
|    value_loss           | 7.41e+03    |
-----------------------------------------
-----------------------------------------
| time/                   |             |
|    fps                  | 244         |
|    iterations           | 3           |
|    time_elapsed         | 25          |
|    total_timesteps      | 6144        |
| train/                  |             |
|    approx_kl            | 0.007434365 |
|    clip_fraction        | 0.0527      |
|    clip_range           | 0.2         |
|    entropy_loss         | -1.35       |
|    explained_variance   | 0           |
|    learning_rate        | 0.0003      |
|    loss                 | 1.36e+03    |
|    n_updates            | 20          |
|    policy_gradient_loss | -0.00381    |
|    value_loss           | 2.95e+03    |
-----------------------------------------
-----------------------------------------
| time/                   |             |
|    fps                  | 213         |
|    iterations           | 4           |
|    time_elapsed         | 38          |
|    total_timesteps      | 8192        |
| train/                  |             |
|    approx_kl            | 0.011433603 |
|    clip_fraction        | 0.0491      |
|    clip_range           | 0.2         |
|    entropy_loss         | -1.31       |
|    explained_variance   | 0           |
|    learning_rate        | 0.0003      |
|    loss                 | 2.07e+03    |
|    n_updates            | 30          |
|    policy_gradient_loss | -0.003      |
|    value_loss           | 2.28e+03    |
-----------------------------------------
-----------------------------------------
| time/                   |             |
|    fps                  | 201         |
|    iterations           | 5           |
|    time_elapsed         | 50          |
|    total_timesteps      | 10240       |
| train/                  |             |
|    approx_kl            | 0.008183258 |
|    clip_fraction        | 0.0382      |
|    clip_range           | 0.2         |
|    entropy_loss         | -1.27       |
|    explained_variance   | -1.19e-07   |
|    learning_rate        | 0.0003      |
|    loss                 | 747         |
|    n_updates            | 40          |
|    policy_gradient_loss | -0.00236    |
|    value_loss           | 1.14e+03    |
-----------------------------------------
-----------------------------------------
| time/                   |             |
|    fps                  | 194         |
|    iterations           | 6           |
|    time_elapsed         | 63          |
|    total_timesteps      | 12288       |
| train/                  |             |
|    approx_kl            | 0.009659436 |
|    clip_fraction        | 0.053       |
|    clip_range           | 0.2         |
|    entropy_loss         | -1.22       |
|    explained_variance   | -1.19e-07   |
|    learning_rate        | 0.0003      |
|    loss                 | 699         |
|    n_updates            | 50          |
|    policy_gradient_loss | -0.00327    |
|    value_loss           | 1.26e+03    |
-----------------------------------------
-----------------------------------------
| time/                   |             |
|    fps                  | 193         |
|    iterations           | 7           |
|    time_elapsed         | 74          |
|    total_timesteps      | 14336       |
| train/                  |             |
|    approx_kl            | 0.003438125 |
|    clip_fraction        | 0.101       |
|    clip_range           | 0.2         |
|    entropy_loss         | -1.23       |
|    explained_variance   | 0           |
|    learning_rate        | 0.0003      |
|    loss                 | 86.2        |
|    n_updates            | 60          |
|    policy_gradient_loss | -0.00153    |
|    value_loss           | 237         |
-----------------------------------------
------------------------------------------
| time/                   |              |
|    fps                  | 190          |
|    iterations           | 8            |
|    time_elapsed         | 86           |
|    total_timesteps      | 16384        |
| train/                  |              |
|    approx_kl            | 0.0093800565 |
|    clip_fraction        | 0.0241       |
|    clip_range           | 0.2          |
|    entropy_loss         | -1.23        |
|    explained_variance   | 0            |
|    learning_rate        | 0.0003       |
|    loss                 | 81.9         |
|    n_updates            | 70           |
|    policy_gradient_loss | 0.000794     |
|    value_loss           | 285          |
------------------------------------------
-----------------------------------------
| time/                   |             |
|    fps                  | 187         |
|    iterations           | 9           |
|    time_elapsed         | 98          |
|    total_timesteps      | 18432       |
| train/                  |             |
|    approx_kl            | 0.011374287 |
|    clip_fraction        | 0.061       |
|    clip_range           | 0.2         |
|    entropy_loss         | -1.21       |
|    explained_variance   | 0           |
|    learning_rate        | 0.0003      |
|    loss                 | 52.5        |
|    n_updates            | 80          |
|    policy_gradient_loss | -0.00098    |
|    value_loss           | 114         |
-----------------------------------------
-----------------------------------------
| time/                   |             |
|    fps                  | 185         |
|    iterations           | 10          |
|    time_elapsed         | 110         |
|    total_timesteps      | 20480       |
| train/                  |             |
|    approx_kl            | 0.013805964 |
|    clip_fraction        | 0.031       |
|    clip_range           | 0.2         |
|    entropy_loss         | -1.18       |
|    explained_variance   | 0           |
|    learning_rate        | 0.0003      |
|    loss                 | 29.2        |
|    n_updates            | 90          |
|    policy_gradient_loss | 0.000292    |
|    value_loss           | 59.5        |
-----------------------------------------
----------------------------------------
| time/                   |            |
|    fps                  | 182        |
|    iterations           | 11         |
|    time_elapsed         | 123        |
|    total_timesteps      | 22528      |
| train/                  |            |
|    approx_kl            | 0.01034368 |
|    clip_fraction        | 0.0811     |
|    clip_range           | 0.2        |
|    entropy_loss         | -1.22      |
|    explained_variance   | -4.3e-05   |
|    learning_rate        | 0.0003     |
|    loss                 | 999        |
|    n_updates            | 100        |
|    policy_gradient_loss | -0.00199   |
|    value_loss           | 1.24e+03   |
----------------------------------------
------------------------------------------
| time/                   |              |
|    fps                  | 182          |
|    iterations           | 12           |
|    time_elapsed         | 134          |
|    total_timesteps      | 24576        |
| train/                  |              |
|    approx_kl            | 0.0002150367 |
|    clip_fraction        | 0            |
|    clip_range           | 0.2          |
|    entropy_loss         | -1.23        |
|    explained_variance   | 1.19e-07     |
|    learning_rate        | 0.0003       |
|    loss                 | 2.36e+03     |
|    n_updates            | 110          |
|    policy_gradient_loss | -0.000663    |
|    value_loss           | 6.97e+03     |
------------------------------------------
-------------------------------------------
| time/                   |               |
|    fps                  | 180           |
|    iterations           | 13            |
|    time_elapsed         | 147           |
|    total_timesteps      | 26624         |
| train/                  |               |
|    approx_kl            | 0.00048650723 |
|    clip_fraction        | 0             |
|    clip_range           | 0.2           |
|    entropy_loss         | -1.19         |
|    explained_variance   | -1.19e-07     |
|    learning_rate        | 0.0003        |
|    loss                 | 870           |
|    n_updates            | 120           |
|    policy_gradient_loss | -0.000822     |
|    value_loss           | 2.94e+03      |
-------------------------------------------
-------------------------------------------
| time/                   |               |
|    fps                  | 179           |
|    iterations           | 14            |
|    time_elapsed         | 159           |
|    total_timesteps      | 28672         |
| train/                  |               |
|    approx_kl            | 0.00029207615 |
|    clip_fraction        | 0             |
|    clip_range           | 0.2           |
|    entropy_loss         | -1.18         |
|    explained_variance   | 5.96e-08      |
|    learning_rate        | 0.0003        |
|    loss                 | 803           |
|    n_updates            | 130           |
|    policy_gradient_loss | -0.000455     |
|    value_loss           | 2.67e+03      |
-------------------------------------------
------------------------------------------
| time/                   |              |
|    fps                  | 178          |
|    iterations           | 15           |
|    time_elapsed         | 171          |
|    total_timesteps      | 30720        |
| train/                  |              |
|    approx_kl            | 0.0026023663 |
|    clip_fraction        | 0            |
|    clip_range           | 0.2          |
|    entropy_loss         | -1.19        |
|    explained_variance   | 0            |
|    learning_rate        | 0.0003       |
|    loss                 | 191          |
|    n_updates            | 140          |
|    policy_gradient_loss | -0.000363    |
|    value_loss           | 986          |
------------------------------------------
------------------------------------------
| time/                   |              |
|    fps                  | 178          |
|    iterations           | 16           |
|    time_elapsed         | 183          |
|    total_timesteps      | 32768        |
| train/                  |              |
|    approx_kl            | 0.0017563521 |
|    clip_fraction        | 0            |
|    clip_range           | 0.2          |
|    entropy_loss         | -1.22        |
|    explained_variance   | 0            |
|    learning_rate        | 0.0003       |
|    loss                 | 765          |
|    n_updates            | 150          |
|    policy_gradient_loss | -0.000542    |
|    value_loss           | 1.32e+03     |
------------------------------------------
----------------------------------------
| time/                   |            |
|    fps                  | 178        |
|    iterations           | 17         |
|    time_elapsed         | 195        |
|    total_timesteps      | 34816      |
| train/                  |            |
|    approx_kl            | 0.00666161 |
|    clip_fraction        | 0.0463     |
|    clip_range           | 0.2        |
|    entropy_loss         | -1.21      |
|    explained_variance   | 5.96e-08   |
|    learning_rate        | 0.0003     |
|    loss                 | 73.3       |
|    n_updates            | 160        |
|    policy_gradient_loss | 0.00126    |
|    value_loss           | 208        |
----------------------------------------
-----------------------------------------
| time/                   |             |
|    fps                  | 176         |
|    iterations           | 18          |
|    time_elapsed         | 208         |
|    total_timesteps      | 36864       |
| train/                  |             |
|    approx_kl            | 0.013258297 |
|    clip_fraction        | 0.0425      |
|    clip_range           | 0.2         |
|    entropy_loss         | -1.21       |
|    explained_variance   | 0           |
|    learning_rate        | 0.0003      |
|    loss                 | 69.4        |
|    n_updates            | 170         |
|    policy_gradient_loss | 0.000543    |
|    value_loss           | 197         |
-----------------------------------------
-----------------------------------------
| time/                   |             |
|    fps                  | 176         |
|    iterations           | 19          |
|    time_elapsed         | 220         |
|    total_timesteps      | 38912       |
| train/                  |             |
|    approx_kl            | 0.010975678 |
|    clip_fraction        | 0.0333      |
|    clip_range           | 0.2         |
|    entropy_loss         | -1.21       |
|    explained_variance   | 0           |
|    learning_rate        | 0.0003      |
|    loss                 | 36.7        |
|    n_updates            | 180         |
|    policy_gradient_loss | -0.00375    |
|    value_loss           | 119         |
-----------------------------------------
-----------------------------------------
| time/                   |             |
|    fps                  | 176         |
|    iterations           | 20          |
|    time_elapsed         | 232         |
|    total_timesteps      | 40960       |
| train/                  |             |
|    approx_kl            | 0.011345505 |
|    clip_fraction        | 0.0509      |
|    clip_range           | 0.2         |
|    entropy_loss         | -1.17       |
|    explained_variance   | 5.96e-08    |
|    learning_rate        | 0.0003      |
|    loss                 | 20.5        |
|    n_updates            | 190         |
|    policy_gradient_loss | -0.00545    |
|    value_loss           | 77.3        |
-----------------------------------------
-----------------------------------------
| time/                   |             |
|    fps                  | 175         |
|    iterations           | 21          |
|    time_elapsed         | 244         |
|    total_timesteps      | 43008       |
| train/                  |             |
|    approx_kl            | 0.017634489 |
|    clip_fraction        | 0.136       |
|    clip_range           | 0.2         |
|    entropy_loss         | -1.19       |
|    explained_variance   | -2.38e-07   |
|    learning_rate        | 0.0003      |
|    loss                 | 567         |
|    n_updates            | 200         |
|    policy_gradient_loss | -0.00439    |
|    value_loss           | 878         |
-----------------------------------------
-------------------------------------------
| time/                   |               |
|    fps                  | 175           |
|    iterations           | 22            |
|    time_elapsed         | 256           |
|    total_timesteps      | 45056         |
| train/                  |               |
|    approx_kl            | 0.00018131774 |
|    clip_fraction        | 0             |
|    clip_range           | 0.2           |
|    entropy_loss         | -1.18         |
|    explained_variance   | 0             |
|    learning_rate        | 0.0003        |
|    loss                 | 2.23e+03      |
|    n_updates            | 210           |
|    policy_gradient_loss | 0.000184      |
|    value_loss           | 4.75e+03      |
-------------------------------------------
-------------------------------------------
| time/                   |               |
|    fps                  | 174           |
|    iterations           | 23            |
|    time_elapsed         | 269           |
|    total_timesteps      | 47104         |
| train/                  |               |
|    approx_kl            | 0.00013802142 |
|    clip_fraction        | 0             |
|    clip_range           | 0.2           |
|    entropy_loss         | -1.16         |
|    explained_variance   | -1.19e-07     |
|    learning_rate        | 0.0003        |
|    loss                 | 1.18e+03      |
|    n_updates            | 220           |
|    policy_gradient_loss | -3.04e-05     |
|    value_loss           | 1.7e+03       |
-------------------------------------------
-------------------------------------------
| time/                   |               |
|    fps                  | 174           |
|    iterations           | 24            |
|    time_elapsed         | 282           |
|    total_timesteps      | 49152         |
| train/                  |               |
|    approx_kl            | 0.00024488833 |
|    clip_fraction        | 0             |
|    clip_range           | 0.2           |
|    entropy_loss         | -1.16         |
|    explained_variance   | 5.96e-08      |
|    learning_rate        | 0.0003        |
|    loss                 | 554           |
|    n_updates            | 230           |
|    policy_gradient_loss | -0.000369     |
|    value_loss           | 1.18e+03      |
-------------------------------------------
-----------------------------------------
| time/                   |             |
|    fps                  | 173         |
|    iterations           | 25          |
|    time_elapsed         | 294         |
|    total_timesteps      | 51200       |
| train/                  |             |
|    approx_kl            | 0.003085393 |
|    clip_fraction        | 0.0339      |
|    clip_range           | 0.2         |
|    entropy_loss         | -1.15       |
|    explained_variance   | 0           |
|    learning_rate        | 0.0003      |
|    loss                 | 346         |
|    n_updates            | 240         |
|    policy_gradient_loss | -0.000518   |
|    value_loss           | 566         |
-----------------------------------------
-----------------------------------------
| time/                   |             |
|    fps                  | 173         |
|    iterations           | 26          |
|    time_elapsed         | 307         |
|    total_timesteps      | 53248       |
| train/                  |             |
|    approx_kl            | 0.013564677 |
|    clip_fraction        | 0.0159      |
|    clip_range           | 0.2         |
|    entropy_loss         | -1.09       |
|    explained_variance   | 0           |
|    learning_rate        | 0.0003      |
|    loss                 | 392         |
|    n_updates            | 250         |
|    policy_gradient_loss | 0.000984    |
|    value_loss           | 701         |
-----------------------------------------
-----------------------------------------
| time/                   |             |
|    fps                  | 172         |
|    iterations           | 27          |
|    time_elapsed         | 319         |
|    total_timesteps      | 55296       |
| train/                  |             |
|    approx_kl            | 0.010057803 |
|    clip_fraction        | 0.0821      |
|    clip_range           | 0.2         |
|    entropy_loss         | -1.06       |
|    explained_variance   | 1.19e-07    |
|    learning_rate        | 0.0003      |
|    loss                 | 175         |
|    n_updates            | 260         |
|    policy_gradient_loss | -0.00498    |
|    value_loss           | 259         |
-----------------------------------------
-----------------------------------------
| time/                   |             |
|    fps                  | 172         |
|    iterations           | 28          |
|    time_elapsed         | 332         |
|    total_timesteps      | 57344       |
| train/                  |             |
|    approx_kl            | 0.013087422 |
|    clip_fraction        | 0.0233      |
|    clip_range           | 0.2         |
|    entropy_loss         | -1.06       |
|    explained_variance   | 0           |
|    learning_rate        | 0.0003      |
|    loss                 | 117         |
|    n_updates            | 270         |
|    policy_gradient_loss | -0.00151    |
|    value_loss           | 212         |
-----------------------------------------
-----------------------------------------
| time/                   |             |
|    fps                  | 172         |
|    iterations           | 29          |
|    time_elapsed         | 344         |
|    total_timesteps      | 59392       |
| train/                  |             |
|    approx_kl            | 0.006429881 |
|    clip_fraction        | 0.0106      |
|    clip_range           | 0.2         |
|    entropy_loss         | -1.03       |
|    explained_variance   | 0           |
|    learning_rate        | 0.0003      |
|    loss                 | 60.4        |
|    n_updates            | 280         |
|    policy_gradient_loss | -0.00135    |
|    value_loss           | 144         |
-----------------------------------------
-----------------------------------------
| time/                   |             |
|    fps                  | 172         |
|    iterations           | 30          |
|    time_elapsed         | 357         |
|    total_timesteps      | 61440       |
| train/                  |             |
|    approx_kl            | 0.011375075 |
|    clip_fraction        | 0.00273     |
|    clip_range           | 0.2         |
|    entropy_loss         | -1.04       |
|    explained_variance   | 0           |
|    learning_rate        | 0.0003      |
|    loss                 | 39.8        |
|    n_updates            | 290         |
|    policy_gradient_loss | -0.00212    |
|    value_loss           | 84.9        |
-----------------------------------------
-------------------------------------------
| time/                   |               |
|    fps                  | 171           |
|    iterations           | 31            |
|    time_elapsed         | 369           |
|    total_timesteps      | 63488         |
| train/                  |               |
|    approx_kl            | 0.00014239294 |
|    clip_fraction        | 0             |
|    clip_range           | 0.2           |
|    entropy_loss         | -1.07         |
|    explained_variance   | 0             |
|    learning_rate        | 0.0003        |
|    loss                 | 853           |
|    n_updates            | 300           |
|    policy_gradient_loss | -0.000153     |
|    value_loss           | 4.26e+03      |
-------------------------------------------
------------------------------------------
| time/                   |              |
|    fps                  | 171          |
|    iterations           | 32           |
|    time_elapsed         | 382          |
|    total_timesteps      | 65536        |
| train/                  |              |
|    approx_kl            | 0.0005302443 |
|    clip_fraction        | 0            |
|    clip_range           | 0.2          |
|    entropy_loss         | -1.1         |
|    explained_variance   | 0            |
|    learning_rate        | 0.0003       |
|    loss                 | 1.24e+03     |
|    n_updates            | 310          |
|    policy_gradient_loss | -0.000365    |
|    value_loss           | 2.86e+03     |
------------------------------------------
-------------------------------------------
| time/                   |               |
|    fps                  | 171           |
|    iterations           | 33            |
|    time_elapsed         | 394           |
|    total_timesteps      | 67584         |
| train/                  |               |
|    approx_kl            | 0.00053367065 |
|    clip_fraction        | 0             |
|    clip_range           | 0.2           |
|    entropy_loss         | -1.05         |
|    explained_variance   | -1.19e-07     |
|    learning_rate        | 0.0003        |
|    loss                 | 603           |
|    n_updates            | 320           |
|    policy_gradient_loss | -0.00046      |
|    value_loss           | 2.21e+03      |
-------------------------------------------
------------------------------------------
| time/                   |              |
|    fps                  | 170          |
|    iterations           | 34           |
|    time_elapsed         | 407          |
|    total_timesteps      | 69632        |
| train/                  |              |
|    approx_kl            | 0.0008411213 |
|    clip_fraction        | 0            |
|    clip_range           | 0.2          |
|    entropy_loss         | -1.03        |
|    explained_variance   | 0            |
|    learning_rate        | 0.0003       |
|    loss                 | 932          |
|    n_updates            | 330          |
|    policy_gradient_loss | -0.000789    |
|    value_loss           | 1.65e+03     |
------------------------------------------
------------------------------------------
| time/                   |              |
|    fps                  | 170          |
|    iterations           | 35           |
|    time_elapsed         | 420          |
|    total_timesteps      | 71680        |
| train/                  |              |
|    approx_kl            | 0.0029733125 |
|    clip_fraction        | 0.033        |
|    clip_range           | 0.2          |
|    entropy_loss         | -1.02        |
|    explained_variance   | 0            |
|    learning_rate        | 0.0003       |
|    loss                 | 243          |
|    n_updates            | 340          |
|    policy_gradient_loss | -0.00157     |
|    value_loss           | 733          |
------------------------------------------
------------------------------------------
| time/                   |              |
|    fps                  | 169          |
|    iterations           | 36           |
|    time_elapsed         | 433          |
|    total_timesteps      | 73728        |
| train/                  |              |
|    approx_kl            | 0.0017919587 |
|    clip_fraction        | 0.0798       |
|    clip_range           | 0.2          |
|    entropy_loss         | -0.984       |
|    explained_variance   | 0            |
|    learning_rate        | 0.0003       |
|    loss                 | 227          |
|    n_updates            | 350          |
|    policy_gradient_loss | -0.002       |
|    value_loss           | 425          |
------------------------------------------
------------------------------------------
| time/                   |              |
|    fps                  | 169          |
|    iterations           | 37           |
|    time_elapsed         | 446          |
|    total_timesteps      | 75776        |
| train/                  |              |
|    approx_kl            | 0.0019595618 |
|    clip_fraction        | 0.0114       |
|    clip_range           | 0.2          |
|    entropy_loss         | -1.02        |
|    explained_variance   | 0            |
|    learning_rate        | 0.0003       |
|    loss                 | 100          |
|    n_updates            | 360          |
|    policy_gradient_loss | 0.00019      |
|    value_loss           | 268          |
------------------------------------------
------------------------------------------
| time/                   |              |
|    fps                  | 169          |
|    iterations           | 38           |
|    time_elapsed         | 458          |
|    total_timesteps      | 77824        |
| train/                  |              |
|    approx_kl            | 0.0015577809 |
|    clip_fraction        | 0            |
|    clip_range           | 0.2          |
|    entropy_loss         | -0.992       |
|    explained_variance   | 1.19e-07     |
|    learning_rate        | 0.0003       |
|    loss                 | 83.4         |
|    n_updates            | 370          |
|    policy_gradient_loss | -0.000267    |
|    value_loss           | 180          |
------------------------------------------
------------------------------------------
| time/                   |              |
|    fps                  | 169          |
|    iterations           | 39           |
|    time_elapsed         | 471          |
|    total_timesteps      | 79872        |
| train/                  |              |
|    approx_kl            | 0.0027247493 |
|    clip_fraction        | 0            |
|    clip_range           | 0.2          |
|    entropy_loss         | -0.945       |
|    explained_variance   | -1.19e-07    |
|    learning_rate        | 0.0003       |
|    loss                 | 101          |
|    n_updates            | 380          |
|    policy_gradient_loss | 1.5e-06      |
|    value_loss           | 147          |
------------------------------------------
------------------------------------------
| time/                   |              |
|    fps                  | 168          |
|    iterations           | 40           |
|    time_elapsed         | 486          |
|    total_timesteps      | 81920        |
| train/                  |              |
|    approx_kl            | 0.0014062312 |
|    clip_fraction        | 0.0041       |
|    clip_range           | 0.2          |
|    entropy_loss         | -1.01        |
|    explained_variance   | 0            |
|    learning_rate        | 0.0003       |
|    loss                 | 23.4         |
|    n_updates            | 390          |
|    policy_gradient_loss | -6.19e-05    |
|    value_loss           | 97           |
------------------------------------------
-------------------------------------------
| time/                   |               |
|    fps                  | 168           |
|    iterations           | 41            |
|    time_elapsed         | 498           |
|    total_timesteps      | 83968         |
| train/                  |               |
|    approx_kl            | 0.00076497684 |
|    clip_fraction        | 0             |
|    clip_range           | 0.2           |
|    entropy_loss         | -1.05         |
|    explained_variance   | -1.19e-07     |
|    learning_rate        | 0.0003        |
|    loss                 | 2.56e+03      |
|    n_updates            | 400           |
|    policy_gradient_loss | -0.000486     |
|    value_loss           | 4.52e+03      |
-------------------------------------------
------------------------------------------
| time/                   |              |
|    fps                  | 168          |
|    iterations           | 42           |
|    time_elapsed         | 511          |
|    total_timesteps      | 86016        |
| train/                  |              |
|    approx_kl            | 0.0008050388 |
|    clip_fraction        | 0            |
|    clip_range           | 0.2          |
|    entropy_loss         | -1.04        |
|    explained_variance   | 0            |
|    learning_rate        | 0.0003       |
|    loss                 | 2.2e+03      |
|    n_updates            | 410          |
|    policy_gradient_loss | -0.000815    |
|    value_loss           | 5e+03        |
------------------------------------------
------------------------------------------
| time/                   |              |
|    fps                  | 168          |
|    iterations           | 43           |
|    time_elapsed         | 523          |
|    total_timesteps      | 88064        |
| train/                  |              |
|    approx_kl            | 0.0008663321 |
|    clip_fraction        | 0            |
|    clip_range           | 0.2          |
|    entropy_loss         | -0.992       |
|    explained_variance   | 0            |
|    learning_rate        | 0.0003       |
|    loss                 | 1.17e+03     |
|    n_updates            | 420          |
|    policy_gradient_loss | -0.00151     |
|    value_loss           | 2.24e+03     |
------------------------------------------
------------------------------------------
| time/                   |              |
|    fps                  | 168          |
|    iterations           | 44           |
|    time_elapsed         | 535          |
|    total_timesteps      | 90112        |
| train/                  |              |
|    approx_kl            | 0.0026252833 |
|    clip_fraction        | 0.0288       |
|    clip_range           | 0.2          |
|    entropy_loss         | -0.952       |
|    explained_variance   | 0            |
|    learning_rate        | 0.0003       |
|    loss                 | 181          |
|    n_updates            | 430          |
|    policy_gradient_loss | -0.00091     |
|    value_loss           | 974          |
------------------------------------------
------------------------------------------
| time/                   |              |
|    fps                  | 167          |
|    iterations           | 45           |
|    time_elapsed         | 548          |
|    total_timesteps      | 92160        |
| train/                  |              |
|    approx_kl            | 0.0017350216 |
|    clip_fraction        | 0.0339       |
|    clip_range           | 0.2          |
|    entropy_loss         | -0.949       |
|    explained_variance   | -1.19e-07    |
|    learning_rate        | 0.0003       |
|    loss                 | 423          |
|    n_updates            | 440          |
|    policy_gradient_loss | 0.000173     |
|    value_loss           | 603          |
------------------------------------------
-----------------------------------------
| time/                   |             |
|    fps                  | 167         |
|    iterations           | 46          |
|    time_elapsed         | 561         |
|    total_timesteps      | 94208       |
| train/                  |             |
|    approx_kl            | 0.011252061 |
|    clip_fraction        | 0.0476      |
|    clip_range           | 0.2         |
|    entropy_loss         | -0.931      |
|    explained_variance   | 0           |
|    learning_rate        | 0.0003      |
|    loss                 | 137         |
|    n_updates            | 450         |
|    policy_gradient_loss | -0.00112    |
|    value_loss           | 390         |
-----------------------------------------
-----------------------------------------
| time/                   |             |
|    fps                  | 167         |
|    iterations           | 47          |
|    time_elapsed         | 575         |
|    total_timesteps      | 96256       |
| train/                  |             |
|    approx_kl            | 0.003101554 |
|    clip_fraction        | 0.0477      |
|    clip_range           | 0.2         |
|    entropy_loss         | -0.949      |
|    explained_variance   | 0           |
|    learning_rate        | 0.0003      |
|    loss                 | 74.2        |
|    n_updates            | 460         |
|    policy_gradient_loss | -0.00156    |
|    value_loss           | 290         |
-----------------------------------------
-----------------------------------------
| time/                   |             |
|    fps                  | 167         |
|    iterations           | 48          |
|    time_elapsed         | 587         |
|    total_timesteps      | 98304       |
| train/                  |             |
|    approx_kl            | 0.011605165 |
|    clip_fraction        | 0.00669     |
|    clip_range           | 0.2         |
|    entropy_loss         | -0.939      |
|    explained_variance   | 0           |
|    learning_rate        | 0.0003      |
|    loss                 | 68.9        |
|    n_updates            | 470         |
|    policy_gradient_loss | -0.00189    |
|    value_loss           | 166         |
-----------------------------------------
----------------------------------------
| time/                   |            |
|    fps                  | 167        |
|    iterations           | 49         |
|    time_elapsed         | 600        |
|    total_timesteps      | 100352     |
| train/                  |            |
|    approx_kl            | 0.01643109 |
|    clip_fraction        | 0.0138     |
|    clip_range           | 0.2        |
|    entropy_loss         | -0.907     |
|    explained_variance   | 0          |
|    learning_rate        | 0.0003     |
|    loss                 | 38.6       |
|    n_updates            | 480        |
|    policy_gradient_loss | -0.00168   |
|    value_loss           | 125        |
----------------------------------------
Training complete. Model saved to lstm_ppo_gold_london_final.zip
